<?xml version="1.0" encoding="UTF-8"?>
<!-- Generated by org.testng.reporters.JUnitReportReporter -->
<testsuite hostname="DESKTOP-JU0ACML" failures="0" tests="1" name="com.testfinal.testCases.TC_LoginTest_003" time="0.000" errors="0" timestamp="24 Jan 2021 14:58:17 GMT" skipped="1">
  <testcase classname="com.testfinal.testCases.TC_LoginTest_003" name="loginTest" time="0.000">
    <skipped/>
  </testcase> <!-- loginTest -->
</testsuite> <!-- com.testfinal.testCases.TC_LoginTest_003 -->
